  ECS_Systems.cpp
  Game.cpp
c:\users\weaverr\source\repos\multithreading_engine\project2\project2\gamemanager.h(22): error C2143: syntax error: missing ';' before '*'
c:\users\weaverr\source\repos\multithreading_engine\project2\project2\gamemanager.h(22): error C4430: missing type specifier - int assumed. Note: C++ does not support default-int
c:\users\weaverr\source\repos\multithreading_engine\project2\project2\gamemanager.h(22): error C2238: unexpected token(s) preceding ';'
c:\users\weaverr\source\repos\multithreading_engine\project2\project2\gamemanager.h(53): error C2061: syntax error: identifier 'Game'
  GameManager.cpp
c:\users\weaverr\source\repos\multithreading_engine\project2\project2\gamemanager.h(22): error C2143: syntax error: missing ';' before '*'
c:\users\weaverr\source\repos\multithreading_engine\project2\project2\gamemanager.h(22): error C4430: missing type specifier - int assumed. Note: C++ does not support default-int
c:\users\weaverr\source\repos\multithreading_engine\project2\project2\gamemanager.h(22): error C2238: unexpected token(s) preceding ';'
c:\users\weaverr\source\repos\multithreading_engine\project2\project2\gamemanager.h(53): error C2061: syntax error: identifier 'Game'
c:\users\weaverr\source\repos\multithreading_engine\project2\project2\gamemanager.h(9): error C2011: 'exception_GameManager': 'struct' type redefinition
  c:\users\weaverr\source\repos\multithreading_engine\project2\project2\gamemanager.h(9): note: see declaration of 'exception_GameManager'
c:\users\weaverr\source\repos\multithreading_engine\project2\project2\gamemanager.h(17): error C2011: 'GameManager': 'class' type redefinition
  c:\users\weaverr\source\repos\multithreading_engine\project2\project2\gamemanager.h(17): note: see declaration of 'GameManager'
c:\users\weaverr\source\repos\multithreading_engine\project2\project2\gamemanager.cpp(2): error C2027: use of undefined type 'GameManager'
  c:\users\weaverr\source\repos\multithreading_engine\project2\project2\gamemanager.h(17): note: see declaration of 'GameManager'
c:\users\weaverr\source\repos\multithreading_engine\project2\project2\gamemanager.cpp(4): error C2027: use of undefined type 'GameManager'
  c:\users\weaverr\source\repos\multithreading_engine\project2\project2\gamemanager.h(17): note: see declaration of 'GameManager'
c:\users\weaverr\source\repos\multithreading_engine\project2\project2\gamemanager.cpp(7): error C2065: 'window': undeclared identifier
c:\users\weaverr\source\repos\multithreading_engine\project2\project2\gamemanager.cpp(12): error C2065: 'renderer': undeclared identifier
c:\users\weaverr\source\repos\multithreading_engine\project2\project2\gamemanager.cpp(12): error C2065: 'window': undeclared identifier
c:\users\weaverr\source\repos\multithreading_engine\project2\project2\gamemanager.cpp(13): error C2065: 'renderer': undeclared identifier
c:\users\weaverr\source\repos\multithreading_engine\project2\project2\gamemanager.cpp(14): error C2027: use of undefined type 'GameManager'
  c:\users\weaverr\source\repos\multithreading_engine\project2\project2\gamemanager.h(17): note: see declaration of 'GameManager'
c:\users\weaverr\source\repos\multithreading_engine\project2\project2\gamemanager.cpp(15): error C2027: use of undefined type 'GameManager'
  c:\users\weaverr\source\repos\multithreading_engine\project2\project2\gamemanager.h(17): note: see declaration of 'GameManager'
c:\users\weaverr\source\repos\multithreading_engine\project2\project2\gamemanager.cpp(17): error C2065: 'renderer': undeclared identifier
c:\users\weaverr\source\repos\multithreading_engine\project2\project2\gamemanager.cpp(17): error C2672: 'ECS::Entity::assign': no matching overloaded function found
c:\users\weaverr\source\repos\multithreading_engine\project2\project2\gamemanager.cpp(19): error C2027: use of undefined type 'GameManager'
  c:\users\weaverr\source\repos\multithreading_engine\project2\project2\gamemanager.h(17): note: see declaration of 'GameManager'
c:\users\weaverr\source\repos\multithreading_engine\project2\project2\gamemanager.cpp(19): error C2065: 'window': undeclared identifier
c:\users\weaverr\source\repos\multithreading_engine\project2\project2\gamemanager.cpp(19): error C2065: 'renderer': undeclared identifier
c:\users\weaverr\source\repos\multithreading_engine\project2\project2\gamemanager.cpp(20): error C2027: use of undefined type 'GameManager'
  c:\users\weaverr\source\repos\multithreading_engine\project2\project2\gamemanager.h(17): note: see declaration of 'GameManager'
c:\users\weaverr\source\repos\multithreading_engine\project2\project2\gamemanager.cpp(21): error C2065: 'deltaTime': undeclared identifier
c:\users\weaverr\source\repos\multithreading_engine\project2\project2\gamemanager.cpp(22): error C2065: 'lastTickTime': undeclared identifier
c:\users\weaverr\source\repos\multithreading_engine\project2\project2\gamemanager.cpp(23): error C2065: 'fpsLimiter': undeclared identifier
c:\users\weaverr\source\repos\multithreading_engine\project2\project2\gamemanager.cpp(24): error C2065: 'fpsCap': undeclared identifier
c:\users\weaverr\source\repos\multithreading_engine\project2\project2\gamemanager.cpp(27): error C2027: use of undefined type 'GameManager'
  c:\users\weaverr\source\repos\multithreading_engine\project2\project2\gamemanager.h(17): note: see declaration of 'GameManager'
c:\users\weaverr\source\repos\multithreading_engine\project2\project2\gamemanager.cpp(28): error C4430: missing type specifier - int assumed. Note: C++ does not support default-int
c:\users\weaverr\source\repos\multithreading_engine\project2\project2\gamemanager.cpp(29): error C2065: 'active': undeclared identifier
c:\users\weaverr\source\repos\multithreading_engine\project2\project2\gamemanager.cpp(30): warning C4508: '{ctor}': function should return a value; 'void' return type assumed
c:\users\weaverr\source\repos\multithreading_engine\project2\project2\gamemanager.cpp(32): error C2027: use of undefined type 'GameManager'
  c:\users\weaverr\source\repos\multithreading_engine\project2\project2\gamemanager.h(17): note: see declaration of 'GameManager'
c:\users\weaverr\source\repos\multithreading_engine\project2\project2\gamemanager.cpp(33): error C4430: missing type specifier - int assumed. Note: C++ does not support default-int
c:\users\weaverr\source\repos\multithreading_engine\project2\project2\gamemanager.cpp(35): warning C4150: deletion of pointer to incomplete type 'GameManager'; no destructor called
  c:\users\weaverr\source\repos\multithreading_engine\project2\project2\gamemanager.h(17): note: see declaration of 'GameManager'
c:\users\weaverr\source\repos\multithreading_engine\project2\project2\gamemanager.cpp(37): error C2065: 'game': undeclared identifier
c:\users\weaverr\source\repos\multithreading_engine\project2\project2\gamemanager.cpp(38): error C2065: 'game': undeclared identifier
c:\users\weaverr\source\repos\multithreading_engine\project2\project2\gamemanager.cpp(38): error C2541: 'delete': cannot delete objects that are not pointers
c:\users\weaverr\source\repos\multithreading_engine\project2\project2\gamemanager.cpp(39): error C2065: 'world': undeclared identifier
c:\users\weaverr\source\repos\multithreading_engine\project2\project2\gamemanager.cpp(41): warning C4508: '{dtor}': function should return a value; 'void' return type assumed
c:\users\weaverr\source\repos\multithreading_engine\project2\project2\gamemanager.cpp(43): error C2027: use of undefined type 'GameManager'
  c:\users\weaverr\source\repos\multithreading_engine\project2\project2\gamemanager.h(17): note: see declaration of 'GameManager'
c:\users\weaverr\source\repos\multithreading_engine\project2\project2\gamemanager.cpp(47): error C2027: use of undefined type 'GameManager'
  c:\users\weaverr\source\repos\multithreading_engine\project2\project2\gamemanager.h(17): note: see declaration of 'GameManager'
c:\users\weaverr\source\repos\multithreading_engine\project2\project2\gamemanager.cpp(48): error C2027: use of undefined type 'GameManager'
  c:\users\weaverr\source\repos\multithreading_engine\project2\project2\gamemanager.h(17): note: see declaration of 'GameManager'
c:\users\weaverr\source\repos\multithreading_engine\project2\project2\gamemanager.cpp(54): error C2027: use of undefined type 'GameManager'
  c:\users\weaverr\source\repos\multithreading_engine\project2\project2\gamemanager.h(17): note: see declaration of 'GameManager'
c:\users\weaverr\source\repos\multithreading_engine\project2\project2\gamemanager.cpp(56): error C2065: 'world': undeclared identifier
c:\users\weaverr\source\repos\multithreading_engine\project2\project2\gamemanager.cpp(59): error C2027: use of undefined type 'GameManager'
  c:\users\weaverr\source\repos\multithreading_engine\project2\project2\gamemanager.h(17): note: see declaration of 'GameManager'
c:\users\weaverr\source\repos\multithreading_engine\project2\project2\gamemanager.cpp(61): error C2065: 'inputHandler': undeclared identifier
c:\users\weaverr\source\repos\multithreading_engine\project2\project2\gamemanager.cpp(64): error C2027: use of undefined type 'GameManager'
  c:\users\weaverr\source\repos\multithreading_engine\project2\project2\gamemanager.h(17): note: see declaration of 'GameManager'
c:\users\weaverr\source\repos\multithreading_engine\project2\project2\gamemanager.cpp(66): error C2065: 'window': undeclared identifier
c:\users\weaverr\source\repos\multithreading_engine\project2\project2\gamemanager.cpp(69): error C2027: use of undefined type 'GameManager'
  c:\users\weaverr\source\repos\multithreading_engine\project2\project2\gamemanager.h(17): note: see declaration of 'GameManager'
c:\users\weaverr\source\repos\multithreading_engine\project2\project2\gamemanager.cpp(71): error C2065: 'renderer': undeclared identifier
c:\users\weaverr\source\repos\multithreading_engine\project2\project2\gamemanager.cpp(74): error C2027: use of undefined type 'GameManager'
  c:\users\weaverr\source\repos\multithreading_engine\project2\project2\gamemanager.h(17): note: see declaration of 'GameManager'
c:\users\weaverr\source\repos\multithreading_engine\project2\project2\gamemanager.cpp(76): error C2065: 'deltaTime': undeclared identifier
c:\users\weaverr\source\repos\multithreading_engine\project2\project2\gamemanager.cpp(79): error C2027: use of undefined type 'GameManager'
  c:\users\weaverr\source\repos\multithreading_engine\project2\project2\gamemanager.h(17): note: see declaration of 'GameManager'
c:\users\weaverr\source\repos\multithreading_engine\project2\project2\gamemanager.cpp(83): error C2065: 'game': undeclared identifier
c:\users\weaverr\source\repos\multithreading_engine\project2\project2\gamemanager.cpp(83): error C2065: 'active': undeclared identifier
c:\users\weaverr\source\repos\multithreading_engine\project2\project2\gamemanager.cpp(86): error C2065: 'deltaTime': undeclared identifier
c:\users\weaverr\source\repos\multithreading_engine\project2\project2\gamemanager.cpp(86): error C2065: 'lastTickTime': undeclared identifier
c:\users\weaverr\source\repos\multithreading_engine\project2\project2\gamemanager.cpp(87): error C2065: 'game': undeclared identifier
c:\users\weaverr\source\repos\multithreading_engine\project2\project2\gamemanager.cpp(89): error C2065: 'world': undeclared identifier
c:\users\weaverr\source\repos\multithreading_engine\project2\project2\gamemanager.cpp(89): error C2065: 'deltaTime': undeclared identifier
c:\users\weaverr\source\repos\multithreading_engine\project2\project2\gamemanager.cpp(90): error C2065: 'lastTickTime': undeclared identifier
c:\users\weaverr\source\repos\multithreading_engine\project2\project2\gamemanager.cpp(92): error C2065: 'fpsLimiter': undeclared identifier
c:\users\weaverr\source\repos\multithreading_engine\project2\project2\gamemanager.cpp(94): error C2065: 'fpsCap': undeclared identifier
c:\users\weaverr\source\repos\multithreading_engine\project2\project2\gamemanager.cpp(94): error C2065: 'fpsLimiter': undeclared identifier
c:\users\weaverr\source\repos\multithreading_engine\project2\project2\gamemanager.cpp(96): error C2065: 'fpsLimiter': undeclared identifier
c:\users\weaverr\source\repos\multithreading_engine\project2\project2\gamemanager.cpp(99): error C2065: 'fpsLimiter': undeclared identifier
c:\users\weaverr\source\repos\multithreading_engine\project2\project2\gamemanager.cpp(106): error C2027: use of undefined type 'exception_GameManager'
  c:\users\weaverr\source\repos\multithreading_engine\project2\project2\gamemanager.h(9): note: see declaration of 'exception_GameManager'
c:\users\weaverr\source\repos\multithreading_engine\project2\project2\gamemanager.cpp(104): error C2316: 'exception_GameManager &': cannot be caught as the destructor and/or copy constructor are inaccessible or deleted
c:\users\weaverr\source\repos\multithreading_engine\project2\project2\gamemanager.cpp(112): error C2027: use of undefined type 'GameManager'
  c:\users\weaverr\source\repos\multithreading_engine\project2\project2\gamemanager.h(17): note: see declaration of 'GameManager'
c:\users\weaverr\source\repos\multithreading_engine\project2\project2\gamemanager.cpp(114): error C2065: 'active': undeclared identifier
c:\users\weaverr\source\repos\multithreading_engine\project2\project2\gamemanager.cpp(117): error C2027: use of undefined type 'GameManager'
  c:\users\weaverr\source\repos\multithreading_engine\project2\project2\gamemanager.h(17): note: see declaration of 'GameManager'
c:\users\weaverr\source\repos\multithreading_engine\project2\project2\gamemanager.cpp(119): error C2065: 'game': undeclared identifier
c:\users\weaverr\source\repos\multithreading_engine\project2\project2\gamemanager.cpp(122): error C2065: 'game': undeclared identifier
c:\users\weaverr\source\repos\multithreading_engine\project2\project2\gamemanager.cpp(122): error C2541: 'delete': cannot delete objects that are not pointers
c:\users\weaverr\source\repos\multithreading_engine\project2\project2\gamemanager.cpp(126): error C2065: 'game': undeclared identifier
  InputHandler.cpp
  Source.cpp
c:\users\weaverr\source\repos\multithreading_engine\project2\project2\gamemanager.h(22): error C2143: syntax error: missing ';' before '*'
c:\users\weaverr\source\repos\multithreading_engine\project2\project2\gamemanager.h(22): error C4430: missing type specifier - int assumed. Note: C++ does not support default-int
c:\users\weaverr\source\repos\multithreading_engine\project2\project2\gamemanager.h(22): error C2238: unexpected token(s) preceding ';'
c:\users\weaverr\source\repos\multithreading_engine\project2\project2\gamemanager.h(53): error C2061: syntax error: identifier 'Game'
c:\users\weaverr\source\repos\multithreading_engine\project2\project2\gamemanager.h(9): error C2011: 'exception_GameManager': 'struct' type redefinition
  c:\users\weaverr\source\repos\multithreading_engine\project2\project2\gamemanager.h(9): note: see declaration of 'exception_GameManager'
c:\users\weaverr\source\repos\multithreading_engine\project2\project2\gamemanager.h(17): error C2011: 'GameManager': 'class' type redefinition
  c:\users\weaverr\source\repos\multithreading_engine\project2\project2\gamemanager.h(17): note: see declaration of 'GameManager'
c:\users\weaverr\source\repos\multithreading_engine\project2\project2\source.cpp(91): error C2027: use of undefined type 'GameManager'
  c:\users\weaverr\source\repos\multithreading_engine\project2\project2\gamemanager.h(17): note: see declaration of 'GameManager'
c:\users\weaverr\source\repos\multithreading_engine\project2\project2\source.cpp(91): error C3861: 'getInstance': identifier not found
  Generating Code...
c:\users\weaverr\source\repos\multithreading_engine\project2\project2\inputhandler.cpp(53): error C4716: 'InputHandler::is_held': must return a value
c:\users\weaverr\source\repos\multithreading_engine\project2\project2\inputhandler.cpp(94): error C4716: 'InputHandler::generate_input_commands': must return a value
c:\users\weaverr\source\repos\multithreading_engine\project2\project2\inputhandler.cpp(58): error C4716: 'InputHandler::was_pressed': must return a value
